Command line:
   L_inv_function_tb_isim_beh.exe
     -simmode  gui
     -simrunnum  0
     -socket  50927

Mon Apr 16 11:31:46 2018


 Elaboration Time: 0.03125 sec

 Current Memory Usage: 531.063 Meg

 Total Signals          : 10
 Total Nets             : 352
 Total Signal Drivers   : 8
 Total Blocks           : 3
 Total Primitive Blocks : 2
 Total Processes        : 8
 Total Traceable Variables  : 8
 Total Scalar Nets and Variables : 712
Total Line Count : 23

 Total Simulation Time: 0.03125 sec

 Current Memory Usage: 531.063 Meg

Mon Apr 16 11:31:53 2018

