Command line:
   branch_round_inv_tb_isim_beh.exe
     -simmode  gui
     -simrunnum  0
     -socket  49906

Tue Apr 17 18:27:10 2018


 Elaboration Time: 0.03125 sec

 Current Memory Usage: 719.106 Meg

 Total Signals          : 86
 Total Nets             : 768
 Total Signal Drivers   : 33
 Total Blocks           : 12
 Total Primitive Blocks : 6
 Total Processes        : 22
 Total Traceable Variables  : 13
 Total Scalar Nets and Variables : 1251
Total Line Count : 49

 Total Simulation Time: 0.046875 sec

 Current Memory Usage: 719.106 Meg

Tue Apr 17 18:27:30 2018

