Command line:
   A_inv_function_tb_isim_beh.exe
     -simmode  gui
     -simrunnum  0
     -socket  50239

Sun Apr 15 16:09:19 2018


 Elaboration Time: 0.03125 sec

 Current Memory Usage: 531.177 Meg

 Total Signals          : 11
 Total Nets             : 112
 Total Signal Drivers   : 7
 Total Blocks           : 4
 Total Primitive Blocks : 3
 Total Processes        : 5
 Total Traceable Variables  : 13
 Total Scalar Nets and Variables : 595
Total Line Count : 30

 Total Simulation Time: 0.046875 sec

 Current Memory Usage: 531.177 Meg

Sun Apr 15 16:09:27 2018

