Command line:
   L_function_tb_isim_beh.exe
     -simmode  gui
     -simrunnum  0
     -socket  52239

Tue Apr 10 16:00:17 2018


 Elaboration Time: 0 sec

 Current Memory Usage: 527.11 Meg

 Total Signals          : 10
 Total Nets             : 352
 Total Signal Drivers   : 8
 Total Blocks           : 4
 Total Primitive Blocks : 3
 Total Processes        : 5
 Total Traceable Variables  : 13
 Total Scalar Nets and Variables : 835
Total Line Count : 13

 Total Simulation Time: 0 sec

 Current Memory Usage: 527.11 Meg

Tue Apr 10 16:00:22 2018

