Command line:
   encrypt_tb_isim_beh.exe
     -simmode  gui
     -simrunnum  0
     -socket  52642

Wed Apr 11 12:16:08 2018


 Elaboration Time: 0.0625 sec

 Current Memory Usage: 539.648 Meg

 Total Signals          : 423
 Total Nets             : 4974
 Total Signal Drivers   : 177
 Total Blocks           : 55
 Total Primitive Blocks : 27
 Total Processes        : 89
 Total Traceable Variables  : 14
 Total Scalar Nets and Variables : 5458
Total Line Count : 199

 Total Simulation Time: 0.09375 sec

 Current Memory Usage: 539.648 Meg

Wed Apr 11 12:16:23 2018

