Command line:
   key_perm_tb_isim_beh.exe
     -simmode  gui
     -simrunnum  0
     -socket  52640

Wed Apr 11 12:15:43 2018


 Elaboration Time: 0.046875 sec

 Current Memory Usage: 527.098 Meg

 Total Signals          : 20
 Total Nets             : 357
 Total Signal Drivers   : 9
 Total Blocks           : 6
 Total Primitive Blocks : 4
 Total Processes        : 6
 Total Traceable Variables  : 13
 Total Scalar Nets and Variables : 840
Total Line Count : 38

 Total Simulation Time: 0.0625 sec

 Current Memory Usage: 527.098 Meg

Wed Apr 11 12:15:49 2018

