Command line:
   key_shchedule_tb_isim_beh.exe
     -simmode  gui
     -simrunnum  0
     -socket  50128

Thu Apr 12 12:44:11 2018


 Elaboration Time: 0.046875 sec

 Current Memory Usage: 531.272 Meg

 Total Signals          : 97
 Total Nets             : 2062
 Total Signal Drivers   : 44
 Total Blocks           : 16
 Total Primitive Blocks : 10
 Total Processes        : 29
 Total Traceable Variables  : 14
 Total Scalar Nets and Variables : 2546
Total Line Count : 81

 Total Simulation Time: 0.21875 sec

 Current Memory Usage: 845.844 Meg

Thu Apr 12 12:56:33 2018

