Command line:
   step_round_inv_tb_isim_beh.exe
     -simmode  gui
     -simrunnum  0
     -socket  49853

Tue Apr 17 12:45:08 2018


 Elaboration Time: 0.03125 sec

 Current Memory Usage: 876.442 Meg

 Total Signals          : 23
 Total Nets             : 208
 Total Signal Drivers   : 11
 Total Blocks           : 5
 Total Primitive Blocks : 3
 Total Processes        : 6
 Total Traceable Variables  : 13
 Total Scalar Nets and Variables : 691
Total Line Count : 28

 Total Simulation Time: 0.03125 sec

 Current Memory Usage: 876.442 Meg

Tue Apr 17 12:45:28 2018

