Command line:
   branch_rounds_tb_isim_beh.exe
     -simmode  gui
     -simrunnum  0
     -socket  51006

Fri Mar 30 17:12:25 2018


 Elaboration Time: 0.0625 sec

 Current Memory Usage: 535.29 Meg

 Total Signals          : 322
 Total Nets             : 3040
 Total Signal Drivers   : 134
 Total Blocks           : 41
 Total Primitive Blocks : 19
 Total Processes        : 130
 Total Traceable Variables  : 13
 Total Scalar Nets and Variables : 3523
Total Line Count : 139

 Total Simulation Time: 0.078125 sec

 Current Memory Usage: 535.29 Meg

Fri Mar 30 17:12:32 2018

